<?xml version="1.0" encoding="UTF-8"?>
<coverage generated="1593701235982" clover="3.2.0">
  <project timestamp="1593701235982" name="All files">
    <metrics statements="93" coveredstatements="55" conditionals="48" coveredconditionals="12" methods="40" coveredmethods="24" elements="181" coveredelements="91" complexity="0" loc="93" ncloc="93" packages="8" files="10" classes="10"/>
    <package name="src">
      <metrics statements="43" coveredstatements="7" conditionals="32" coveredconditionals="2" methods="17" coveredmethods="2"/>
      <file name="App.js" path="/home/jonsy/Chat_App_Front/src/App.js">
        <metrics statements="2" coveredstatements="2" conditionals="0" coveredconditionals="0" methods="1" coveredmethods="1"/>
        <line num="8" count="14" type="stmt"/>
        <line num="9" count="14" type="stmt"/>
      </file>
      <file name="index.js" path="/home/jonsy/Chat_App_Front/src/index.js">
        <metrics statements="2" coveredstatements="2" conditionals="0" coveredconditionals="0" methods="0" coveredmethods="0"/>
        <line num="7" count="14" type="stmt"/>
        <line num="17" count="14" type="stmt"/>
      </file>
      <file name="serviceWorker.js" path="/home/jonsy/Chat_App_Front/src/serviceWorker.js">
        <metrics statements="39" coveredstatements="3" conditionals="32" coveredconditionals="2" methods="16" coveredmethods="1"/>
        <line num="13" count="14" type="stmt"/>
        <line num="24" count="0" type="cond" truecount="0" falsecount="4"/>
        <line num="26" count="0" type="stmt"/>
        <line num="27" count="0" type="cond" truecount="0" falsecount="2"/>
        <line num="31" count="0" type="stmt"/>
        <line num="34" count="0" type="stmt"/>
        <line num="35" count="0" type="stmt"/>
        <line num="37" count="0" type="cond" truecount="0" falsecount="2"/>
        <line num="39" count="0" type="stmt"/>
        <line num="43" count="0" type="stmt"/>
        <line num="44" count="0" type="stmt"/>
        <line num="51" count="0" type="stmt"/>
        <line num="58" count="0" type="stmt"/>
        <line num="61" count="0" type="stmt"/>
        <line num="62" count="0" type="stmt"/>
        <line num="63" count="0" type="cond" truecount="0" falsecount="2"/>
        <line num="64" count="0" type="stmt"/>
        <line num="66" count="0" type="stmt"/>
        <line num="67" count="0" type="cond" truecount="0" falsecount="2"/>
        <line num="68" count="0" type="cond" truecount="0" falsecount="2"/>
        <line num="72" count="0" type="stmt"/>
        <line num="78" count="0" type="cond" truecount="0" falsecount="4"/>
        <line num="79" count="0" type="stmt"/>
        <line num="85" count="0" type="stmt"/>
        <line num="88" count="0" type="cond" truecount="0" falsecount="4"/>
        <line num="89" count="0" type="stmt"/>
        <line num="97" count="0" type="stmt"/>
        <line num="103" count="0" type="stmt"/>
        <line num="108" count="0" type="stmt"/>
        <line num="109" count="0" type="cond" truecount="0" falsecount="2"/>
        <line num="114" count="0" type="stmt"/>
        <line num="115" count="0" type="stmt"/>
        <line num="116" count="0" type="stmt"/>
        <line num="121" count="0" type="stmt"/>
        <line num="125" count="0" type="stmt"/>
        <line num="132" count="14" type="cond" truecount="1" falsecount="1"/>
        <line num="133" count="14" type="stmt"/>
        <line num="135" count="0" type="stmt"/>
        <line num="138" count="0" type="stmt"/>
      </file>
    </package>
    <package name="src.Components.Chat">
      <metrics statements="25" coveredstatements="24" conditionals="4" coveredconditionals="2" methods="9" coveredmethods="8"/>
      <file name="Chat.js" path="/home/jonsy/Chat_App_Front/src/Components/Chat/Chat.js">
        <metrics statements="25" coveredstatements="24" conditionals="4" coveredconditionals="2" methods="9" coveredmethods="8"/>
        <line num="14" count="14" type="stmt"/>
        <line num="15" count="324" type="stmt"/>
        <line num="16" count="324" type="stmt"/>
        <line num="17" count="324" type="stmt"/>
        <line num="18" count="324" type="stmt"/>
        <line num="19" count="324" type="stmt"/>
        <line num="20" count="324" type="stmt"/>
        <line num="22" count="324" type="stmt"/>
        <line num="23" count="6" type="stmt"/>
        <line num="25" count="6" type="stmt"/>
        <line num="27" count="6" type="stmt"/>
        <line num="28" count="6" type="stmt"/>
        <line num="30" count="6" type="stmt"/>
        <line num="31" count="5" type="cond" truecount="1" falsecount="1"/>
        <line num="32" count="0" type="stmt"/>
        <line num="37" count="324" type="stmt"/>
        <line num="38" count="6" type="stmt"/>
        <line num="39" count="5" type="stmt"/>
        <line num="42" count="6" type="stmt"/>
        <line num="43" count="5" type="stmt"/>
        <line num="47" count="324" type="stmt"/>
        <line num="48" count="1" type="stmt"/>
        <line num="50" count="1" type="cond" truecount="1" falsecount="1"/>
        <line num="51" count="1" type="stmt"/>
        <line num="55" count="324" type="stmt"/>
      </file>
    </package>
    <package name="src.Components.InfoBar">
      <metrics statements="2" coveredstatements="2" conditionals="0" coveredconditionals="0" methods="1" coveredmethods="1"/>
      <file name="InfoBar.js" path="/home/jonsy/Chat_App_Front/src/Components/InfoBar/InfoBar.js">
        <metrics statements="2" coveredstatements="2" conditionals="0" coveredconditionals="0" methods="1" coveredmethods="1"/>
        <line num="8" count="14" type="stmt"/>
        <line num="9" count="162" type="stmt"/>
      </file>
    </package>
    <package name="src.Components.Input">
      <metrics statements="5" coveredstatements="5" conditionals="2" coveredconditionals="1" methods="4" coveredmethods="4"/>
      <file name="Input.js" path="/home/jonsy/Chat_App_Front/src/Components/Input/Input.js">
        <metrics statements="5" coveredstatements="5" conditionals="2" coveredconditionals="1" methods="4" coveredmethods="4"/>
        <line num="5" count="14" type="stmt"/>
        <line num="6" count="162" type="stmt"/>
        <line num="12" count="140" type="stmt"/>
        <line num="13" count="140" type="cond" truecount="1" falsecount="1"/>
        <line num="15" count="1" type="stmt"/>
      </file>
    </package>
    <package name="src.Components.Join">
      <metrics statements="6" coveredstatements="6" conditionals="4" coveredconditionals="3" methods="4" coveredmethods="4"/>
      <file name="Join.js" path="/home/jonsy/Chat_App_Front/src/Components/Join/Join.js">
        <metrics statements="6" coveredstatements="6" conditionals="4" coveredconditionals="3" methods="4" coveredmethods="4"/>
        <line num="7" count="150" type="stmt"/>
        <line num="8" count="150" type="stmt"/>
        <line num="10" count="150" type="stmt"/>
        <line num="15" count="40" type="stmt"/>
        <line num="18" count="21" type="stmt"/>
        <line num="20" count="6" type="cond" truecount="3" falsecount="1"/>
      </file>
    </package>
    <package name="src.Components.Messages">
      <metrics statements="3" coveredstatements="3" conditionals="0" coveredconditionals="0" methods="2" coveredmethods="2"/>
      <file name="Messages.js" path="/home/jonsy/Chat_App_Front/src/Components/Messages/Messages.js">
        <metrics statements="3" coveredstatements="3" conditionals="0" coveredconditionals="0" methods="2" coveredmethods="2"/>
        <line num="9" count="14" type="stmt"/>
        <line num="10" count="162" type="stmt"/>
        <line num="11" count="150" type="stmt"/>
      </file>
    </package>
    <package name="src.Components.Messages.Message">
      <metrics statements="6" coveredstatements="5" conditionals="4" coveredconditionals="2" methods="1" coveredmethods="1"/>
      <file name="Message.js" path="/home/jonsy/Chat_App_Front/src/Components/Messages/Message/Message.js">
        <metrics statements="6" coveredstatements="5" conditionals="4" coveredconditionals="2" methods="1" coveredmethods="1"/>
        <line num="7" count="14" type="stmt"/>
        <line num="8" count="150" type="stmt"/>
        <line num="10" count="150" type="stmt"/>
        <line num="12" count="150" type="cond" truecount="1" falsecount="1"/>
        <line num="13" count="0" type="stmt"/>
        <line num="16" count="150" type="stmt"/>
      </file>
    </package>
    <package name="src.Components.TextContainer">
      <metrics statements="3" coveredstatements="3" conditionals="2" coveredconditionals="2" methods="2" coveredmethods="2"/>
      <file name="TextContainer.js" path="/home/jonsy/Chat_App_Front/src/Components/TextContainer/TextContainer.js">
        <metrics statements="3" coveredstatements="3" conditionals="2" coveredconditionals="2" methods="2" coveredmethods="2"/>
        <line num="7" count="14" type="stmt"/>
        <line num="8" count="162" type="stmt"/>
        <line num="17" count="145" type="stmt"/>
      </file>
    </package>
  </project>
</coverage>
