{"total": {"lines":{"total":93,"covered":46,"skipped":0,"pct":49.46},"statements":{"total":95,"covered":46,"skipped":0,"pct":48.42},"functions":{"total":40,"covered":17,"skipped":0,"pct":42.5},"branches":{"total":48,"covered":8,"skipped":0,"pct":16.67}}
,"/home/jonsy/Chat_App_Front/src/App.js": {"lines":{"total":2,"covered":2,"skipped":0,"pct":100},"functions":{"total":1,"covered":1,"skipped":0,"pct":100},"statements":{"total":2,"covered":2,"skipped":0,"pct":100},"branches":{"total":0,"covered":0,"skipped":0,"pct":100}}
,"/home/jonsy/Chat_App_Front/src/index.js": {"lines":{"total":2,"covered":2,"skipped":0,"pct":100},"functions":{"total":0,"covered":0,"skipped":0,"pct":100},"statements":{"total":2,"covered":2,"skipped":0,"pct":100},"branches":{"total":0,"covered":0,"skipped":0,"pct":100}}
,"/home/jonsy/Chat_App_Front/src/serviceWorker.js": {"lines":{"total":39,"covered":3,"skipped":0,"pct":7.69},"functions":{"total":16,"covered":1,"skipped":0,"pct":6.25},"statements":{"total":39,"covered":3,"skipped":0,"pct":7.69},"branches":{"total":32,"covered":2,"skipped":0,"pct":6.25}}
,"/home/jonsy/Chat_App_Front/src/Components/Chat/Chat.js": {"lines":{"total":25,"covered":21,"skipped":0,"pct":84},"functions":{"total":9,"covered":4,"skipped":0,"pct":44.44},"statements":{"total":27,"covered":21,"skipped":0,"pct":77.78},"branches":{"total":4,"covered":1,"skipped":0,"pct":25}}
,"/home/jonsy/Chat_App_Front/src/Components/InfoBar/InfoBar.js": {"lines":{"total":2,"covered":2,"skipped":0,"pct":100},"functions":{"total":1,"covered":1,"skipped":0,"pct":100},"statements":{"total":2,"covered":2,"skipped":0,"pct":100},"branches":{"total":0,"covered":0,"skipped":0,"pct":100}}
,"/home/jonsy/Chat_App_Front/src/Components/Input/Input.js": {"lines":{"total":5,"covered":5,"skipped":0,"pct":100},"functions":{"total":4,"covered":4,"skipped":0,"pct":100},"statements":{"total":5,"covered":5,"skipped":0,"pct":100},"branches":{"total":2,"covered":1,"skipped":0,"pct":50}}
,"/home/jonsy/Chat_App_Front/src/Components/Join/Join.js": {"lines":{"total":6,"covered":6,"skipped":0,"pct":100},"functions":{"total":4,"covered":4,"skipped":0,"pct":100},"statements":{"total":6,"covered":6,"skipped":0,"pct":100},"branches":{"total":4,"covered":3,"skipped":0,"pct":75}}
,"/home/jonsy/Chat_App_Front/src/Components/Messages/Messages.js": {"lines":{"total":3,"covered":2,"skipped":0,"pct":66.67},"functions":{"total":2,"covered":1,"skipped":0,"pct":50},"statements":{"total":3,"covered":2,"skipped":0,"pct":66.67},"branches":{"total":0,"covered":0,"skipped":0,"pct":100}}
,"/home/jonsy/Chat_App_Front/src/Components/Messages/Message/Message.js": {"lines":{"total":6,"covered":1,"skipped":0,"pct":16.67},"functions":{"total":1,"covered":0,"skipped":0,"pct":0},"statements":{"total":6,"covered":1,"skipped":0,"pct":16.67},"branches":{"total":4,"covered":0,"skipped":0,"pct":0}}
,"/home/jonsy/Chat_App_Front/src/Components/TextContainer/TextContainer.js": {"lines":{"total":3,"covered":2,"skipped":0,"pct":66.67},"functions":{"total":2,"covered":1,"skipped":0,"pct":50},"statements":{"total":3,"covered":2,"skipped":0,"pct":66.67},"branches":{"total":2,"covered":1,"skipped":0,"pct":50}}
}
